IndexBuffer.obj : error LNK2001: unresolved external symbol __glewBindBuffer
IndexBuffer.obj : error LNK2001: unresolved external symbol __glewBufferData
IndexBuffer.obj : error LNK2001: unresolved external symbol __glewGenBuffers
IndexBuffer.obj : error LNK2001: unresolved external symbol __glewDeleteBuffers
Renderer.obj : error LNK2001: unresolved external symbol __imp_glClear
Renderer.obj : error LNK2001: unresolved external symbol __imp_glDrawElements
Renderer.obj : error LNK2001: unresolved external symbol __imp_glGetError
Shader.obj : error LNK2001: unresolved external symbol __glewUseProgram
Shader.obj : error LNK2001: unresolved external symbol __glewGetShaderiv
Shader.obj : error LNK2001: unresolved external symbol __glewCompileShader
Shader.obj : error LNK2001: unresolved external symbol __glewCreateShader
Shader.obj : error LNK2001: unresolved external symbol __glewCreateProgram
Shader.obj : error LNK2001: unresolved external symbol __glewUniform1i
Shader.obj : error LNK2001: unresolved external symbol __glewGetShaderInfoLog
Shader.obj : error LNK2001: unresolved external symbol __glewValidateProgram
Shader.obj : error LNK2001: unresolved external symbol __glewUniform1f
Shader.obj : error LNK2001: unresolved external symbol __glewGetUniformLocation
Shader.obj : error LNK2001: unresolved external symbol __glewAttachShader
Shader.obj : error LNK2001: unresolved external symbol __glewDeleteProgram
Shader.obj : error LNK2001: unresolved external symbol __glewShaderSource
Shader.obj : error LNK2001: unresolved external symbol __glewDeleteShader
Shader.obj : error LNK2001: unresolved external symbol __glewLinkProgram
Shader.obj : error LNK2001: unresolved external symbol __glewUniform4f
Source.obj : error LNK2001: unresolved external symbol glfwSwapBuffers
Source.obj : error LNK2001: unresolved external symbol glfwSwapInterval
Source.obj : error LNK2001: unresolved external symbol glfwGetWindowUserPointer
Source.obj : error LNK2001: unresolved external symbol glfwGetTime
Source.obj : error LNK2001: unresolved external symbol __imp_glEnable
Source.obj : error LNK2001: unresolved external symbol __imp_glScissor
Source.obj : error LNK2001: unresolved external symbol glfwTerminate
Source.obj : error LNK2001: unresolved external symbol glfwSetMouseButtonCallback
Source.obj : error LNK2001: unresolved external symbol glfwPollEvents
Source.obj : error LNK2001: unresolved external symbol glfwInit
Source.obj : error LNK2001: unresolved external symbol glfwSetKeyCallback
Source.obj : error LNK2001: unresolved external symbol glfwCreateWindow
Source.obj : error LNK2001: unresolved external symbol __imp_glBlendFunc
Source.obj : error LNK2001: unresolved external symbol glfwMakeContextCurrent
Source.obj : error LNK2001: unresolved external symbol glfwSetWindowUserPointer
Source.obj : error LNK2001: unresolved external symbol glfwGetCursorPos
Source.obj : error LNK2001: unresolved external symbol __imp_glDisable
Source.obj : error LNK2001: unresolved external symbol __imp_glGetString
Source.obj : error LNK2001: unresolved external symbol glfwWindowShouldClose
Source.obj : error LNK2001: unresolved external symbol glewInit
Texture.obj : error LNK2001: unresolved external symbol __imp_glBindTexture
Texture.obj : error LNK2001: unresolved external symbol __imp_glGenTextures
Texture.obj : error LNK2001: unresolved external symbol __imp_glTexParameteri
Texture.obj : error LNK2001: unresolved external symbol __glewActiveTexture
Texture.obj : error LNK2001: unresolved external symbol __imp_glDeleteTextures
Texture.obj : error LNK2001: unresolved external symbol __imp_glTexImage2D
VertexArray.obj : error LNK2001: unresolved external symbol __glewEnableVertexAttribArray
VertexArray.obj : error LNK2001: unresolved external symbol __glewBindVertexArray
VertexArray.obj : error LNK2001: unresolved external symbol __glewVertexAttribPointer
VertexArray.obj : error LNK2001: unresolved external symbol __glewDeleteVertexArrays
VertexArray.obj : error LNK2001: unresolved external symbol __glewGenVertexArrays
C:\Users\Krzysztof\source\repos\projektProgramistyczny\x64\Release\Arkanoid.exe : fatal error LNK1120: 54 unresolved externals
