  LevelGenerator.cpp
C:\Users\Krzysztof\source\repos\projektProgramistyczny\GameObject.h(20,32): warning C4244: 'return': conversion from 'double' to 'int', possible loss of data
C:\Users\Krzysztof\source\repos\projektProgramistyczny\GameObject.h(22,32): warning C4244: 'return': conversion from 'double' to 'int', possible loss of data
C:\Users\Krzysztof\source\repos\projektProgramistyczny\Global.h(5,36): warning C4091: 'extern ': ignored on left of 'Owner' when no variable is declared
C:\Users\Krzysztof\source\repos\projektProgramistyczny\RedBlock.h(8,10): warning C4067: unexpected tokens following preprocessor directive - expected a newline
C:\Users\Krzysztof\source\repos\projektProgramistyczny\YellowBlock.h(8,10): warning C4067: unexpected tokens following preprocessor directive - expected a newline
C:\Users\Krzysztof\source\repos\projektProgramistyczny\LevelGenerator.cpp(32,101): warning C4244: 'argument': conversion from 'double' to 'int', possible loss of data
C:\Users\Krzysztof\source\repos\projektProgramistyczny\LevelGenerator.cpp(32,91): warning C4244: 'argument': conversion from 'double' to 'int', possible loss of data
C:\Users\Krzysztof\source\repos\projektProgramistyczny\LevelGenerator.cpp(33,101): warning C4244: 'argument': conversion from 'double' to 'int', possible loss of data
C:\Users\Krzysztof\source\repos\projektProgramistyczny\LevelGenerator.cpp(33,91): warning C4244: 'argument': conversion from 'double' to 'int', possible loss of data
C:\Users\Krzysztof\source\repos\projektProgramistyczny\LevelGenerator.cpp(35,67): warning C4244: 'argument': conversion from 'double' to 'int', possible loss of data
C:\Users\Krzysztof\source\repos\projektProgramistyczny\LevelGenerator.cpp(35,57): warning C4244: 'argument': conversion from 'double' to 'int', possible loss of data
C:\Users\Krzysztof\source\repos\projektProgramistyczny\LevelGenerator.cpp(39,92): warning C4244: 'argument': conversion from 'double' to 'int', possible loss of data
C:\Users\Krzysztof\source\repos\projektProgramistyczny\LevelGenerator.cpp(39,82): warning C4244: 'argument': conversion from 'double' to 'int', possible loss of data
C:\Users\Krzysztof\source\repos\projektProgramistyczny\LevelGenerator.cpp(39,72): warning C4244: 'argument': conversion from 'double' to 'int', possible loss of data
C:\Users\Krzysztof\source\repos\projektProgramistyczny\LevelGenerator.cpp(39,52): warning C4244: 'argument': conversion from 'double' to 'int', possible loss of data
C:\Users\Krzysztof\source\repos\projektProgramistyczny\LevelGenerator.cpp(41,100): warning C4244: 'argument': conversion from 'double' to 'int', possible loss of data
C:\Users\Krzysztof\source\repos\projektProgramistyczny\LevelGenerator.cpp(41,90): warning C4244: 'argument': conversion from 'double' to 'int', possible loss of data
C:\Users\Krzysztof\source\repos\projektProgramistyczny\LevelGenerator.cpp(41,80): warning C4244: 'argument': conversion from 'double' to 'int', possible loss of data
C:\Users\Krzysztof\source\repos\projektProgramistyczny\LevelGenerator.cpp(41,64): warning C4244: 'argument': conversion from 'double' to 'int', possible loss of data
C:\Users\Krzysztof\source\repos\projektProgramistyczny\LevelGenerator.cpp(47,101): warning C4244: 'argument': conversion from 'double' to 'int', possible loss of data
C:\Users\Krzysztof\source\repos\projektProgramistyczny\LevelGenerator.cpp(47,91): warning C4244: 'argument': conversion from 'double' to 'int', possible loss of data
C:\Users\Krzysztof\source\repos\projektProgramistyczny\LevelGenerator.cpp(48,101): warning C4244: 'argument': conversion from 'double' to 'int', possible loss of data
C:\Users\Krzysztof\source\repos\projektProgramistyczny\LevelGenerator.cpp(48,91): warning C4244: 'argument': conversion from 'double' to 'int', possible loss of data
C:\Users\Krzysztof\source\repos\projektProgramistyczny\LevelGenerator.cpp(50,67): warning C4244: 'argument': conversion from 'double' to 'int', possible loss of data
C:\Users\Krzysztof\source\repos\projektProgramistyczny\LevelGenerator.cpp(50,57): warning C4244: 'argument': conversion from 'double' to 'int', possible loss of data
C:\Users\Krzysztof\source\repos\projektProgramistyczny\LevelGenerator.cpp(54,92): warning C4244: 'argument': conversion from 'double' to 'int', possible loss of data
C:\Users\Krzysztof\source\repos\projektProgramistyczny\LevelGenerator.cpp(54,82): warning C4244: 'argument': conversion from 'double' to 'int', possible loss of data
C:\Users\Krzysztof\source\repos\projektProgramistyczny\LevelGenerator.cpp(54,72): warning C4244: 'argument': conversion from 'double' to 'int', possible loss of data
C:\Users\Krzysztof\source\repos\projektProgramistyczny\LevelGenerator.cpp(54,52): warning C4244: 'argument': conversion from 'double' to 'int', possible loss of data
C:\Users\Krzysztof\source\repos\projektProgramistyczny\LevelGenerator.cpp(61,101): warning C4244: 'argument': conversion from 'double' to 'int', possible loss of data
C:\Users\Krzysztof\source\repos\projektProgramistyczny\LevelGenerator.cpp(61,91): warning C4244: 'argument': conversion from 'double' to 'int', possible loss of data
C:\Users\Krzysztof\source\repos\projektProgramistyczny\LevelGenerator.cpp(62,101): warning C4244: 'argument': conversion from 'double' to 'int', possible loss of data
C:\Users\Krzysztof\source\repos\projektProgramistyczny\LevelGenerator.cpp(62,91): warning C4244: 'argument': conversion from 'double' to 'int', possible loss of data
C:\Users\Krzysztof\source\repos\projektProgramistyczny\LevelGenerator.cpp(64,67): warning C4244: 'argument': conversion from 'double' to 'int', possible loss of data
C:\Users\Krzysztof\source\repos\projektProgramistyczny\LevelGenerator.cpp(64,57): warning C4244: 'argument': conversion from 'double' to 'int', possible loss of data
C:\Users\Krzysztof\source\repos\projektProgramistyczny\LevelGenerator.cpp(68,92): warning C4244: 'argument': conversion from 'double' to 'int', possible loss of data
C:\Users\Krzysztof\source\repos\projektProgramistyczny\LevelGenerator.cpp(68,82): warning C4244: 'argument': conversion from 'double' to 'int', possible loss of data
C:\Users\Krzysztof\source\repos\projektProgramistyczny\LevelGenerator.cpp(68,72): warning C4244: 'argument': conversion from 'double' to 'int', possible loss of data
C:\Users\Krzysztof\source\repos\projektProgramistyczny\LevelGenerator.cpp(68,52): warning C4244: 'argument': conversion from 'double' to 'int', possible loss of data
C:\Users\Krzysztof\source\repos\projektProgramistyczny\LevelGenerator.cpp(72,98): warning C4244: 'argument': conversion from 'double' to 'int', possible loss of data
C:\Users\Krzysztof\source\repos\projektProgramistyczny\LevelGenerator.cpp(72,88): warning C4244: 'argument': conversion from 'double' to 'int', possible loss of data
C:\Users\Krzysztof\source\repos\projektProgramistyczny\LevelGenerator.cpp(72,78): warning C4244: 'argument': conversion from 'double' to 'int', possible loss of data
C:\Users\Krzysztof\source\repos\projektProgramistyczny\LevelGenerator.cpp(72,58): warning C4244: 'argument': conversion from 'double' to 'int', possible loss of data
C:\Users\Krzysztof\source\repos\projektProgramistyczny\LevelGenerator.cpp(79,101): warning C4244: 'argument': conversion from 'double' to 'int', possible loss of data
C:\Users\Krzysztof\source\repos\projektProgramistyczny\LevelGenerator.cpp(79,91): warning C4244: 'argument': conversion from 'double' to 'int', possible loss of data
C:\Users\Krzysztof\source\repos\projektProgramistyczny\LevelGenerator.cpp(80,101): warning C4244: 'argument': conversion from 'double' to 'int', possible loss of data
C:\Users\Krzysztof\source\repos\projektProgramistyczny\LevelGenerator.cpp(80,91): warning C4244: 'argument': conversion from 'double' to 'int', possible loss of data
C:\Users\Krzysztof\source\repos\projektProgramistyczny\LevelGenerator.cpp(82,67): warning C4244: 'argument': conversion from 'double' to 'int', possible loss of data
C:\Users\Krzysztof\source\repos\projektProgramistyczny\LevelGenerator.cpp(82,57): warning C4244: 'argument': conversion from 'double' to 'int', possible loss of data
C:\Users\Krzysztof\source\repos\projektProgramistyczny\LevelGenerator.cpp(86,92): warning C4244: 'argument': conversion from 'double' to 'int', possible loss of data
C:\Users\Krzysztof\source\repos\projektProgramistyczny\LevelGenerator.cpp(86,82): warning C4244: 'argument': conversion from 'double' to 'int', possible loss of data
C:\Users\Krzysztof\source\repos\projektProgramistyczny\LevelGenerator.cpp(86,72): warning C4244: 'argument': conversion from 'double' to 'int', possible loss of data
C:\Users\Krzysztof\source\repos\projektProgramistyczny\LevelGenerator.cpp(86,52): warning C4244: 'argument': conversion from 'double' to 'int', possible loss of data
C:\Users\Krzysztof\source\repos\projektProgramistyczny\LevelGenerator.cpp(90,92): warning C4244: 'argument': conversion from 'double' to 'int', possible loss of data
C:\Users\Krzysztof\source\repos\projektProgramistyczny\LevelGenerator.cpp(90,82): warning C4244: 'argument': conversion from 'double' to 'int', possible loss of data
C:\Users\Krzysztof\source\repos\projektProgramistyczny\LevelGenerator.cpp(90,72): warning C4244: 'argument': conversion from 'double' to 'int', possible loss of data
C:\Users\Krzysztof\source\repos\projektProgramistyczny\LevelGenerator.cpp(90,52): warning C4244: 'argument': conversion from 'double' to 'int', possible loss of data
C:\Users\Krzysztof\source\repos\projektProgramistyczny\LevelGenerator.cpp(94,92): warning C4244: 'argument': conversion from 'double' to 'int', possible loss of data
C:\Users\Krzysztof\source\repos\projektProgramistyczny\LevelGenerator.cpp(94,82): warning C4244: 'argument': conversion from 'double' to 'int', possible loss of data
C:\Users\Krzysztof\source\repos\projektProgramistyczny\LevelGenerator.cpp(94,72): warning C4244: 'argument': conversion from 'double' to 'int', possible loss of data
C:\Users\Krzysztof\source\repos\projektProgramistyczny\LevelGenerator.cpp(94,52): warning C4244: 'argument': conversion from 'double' to 'int', possible loss of data
C:\Users\Krzysztof\source\repos\projektProgramistyczny\LevelGenerator.cpp(101,101): warning C4244: 'argument': conversion from 'double' to 'int', possible loss of data
C:\Users\Krzysztof\source\repos\projektProgramistyczny\LevelGenerator.cpp(101,91): warning C4244: 'argument': conversion from 'double' to 'int', possible loss of data
C:\Users\Krzysztof\source\repos\projektProgramistyczny\LevelGenerator.cpp(102,101): warning C4244: 'argument': conversion from 'double' to 'int', possible loss of data
C:\Users\Krzysztof\source\repos\projektProgramistyczny\LevelGenerator.cpp(102,91): warning C4244: 'argument': conversion from 'double' to 'int', possible loss of data
C:\Users\Krzysztof\source\repos\projektProgramistyczny\LevelGenerator.cpp(104,67): warning C4244: 'argument': conversion from 'double' to 'int', possible loss of data
C:\Users\Krzysztof\source\repos\projektProgramistyczny\LevelGenerator.cpp(104,57): warning C4244: 'argument': conversion from 'double' to 'int', possible loss of data
C:\Users\Krzysztof\source\repos\projektProgramistyczny\LevelGenerator.cpp(108,92): warning C4244: 'argument': conversion from 'double' to 'int', possible loss of data
C:\Users\Krzysztof\source\repos\projektProgramistyczny\LevelGenerator.cpp(108,82): warning C4244: 'argument': conversion from 'double' to 'int', possible loss of data
C:\Users\Krzysztof\source\repos\projektProgramistyczny\LevelGenerator.cpp(108,72): warning C4244: 'argument': conversion from 'double' to 'int', possible loss of data
C:\Users\Krzysztof\source\repos\projektProgramistyczny\LevelGenerator.cpp(108,52): warning C4244: 'argument': conversion from 'double' to 'int', possible loss of data
C:\Users\Krzysztof\source\repos\projektProgramistyczny\LevelGenerator.cpp(112,92): warning C4244: 'argument': conversion from 'double' to 'int', possible loss of data
C:\Users\Krzysztof\source\repos\projektProgramistyczny\LevelGenerator.cpp(112,82): warning C4244: 'argument': conversion from 'double' to 'int', possible loss of data
C:\Users\Krzysztof\source\repos\projektProgramistyczny\LevelGenerator.cpp(112,72): warning C4244: 'argument': conversion from 'double' to 'int', possible loss of data
C:\Users\Krzysztof\source\repos\projektProgramistyczny\LevelGenerator.cpp(112,52): warning C4244: 'argument': conversion from 'double' to 'int', possible loss of data
C:\Users\Krzysztof\source\repos\projektProgramistyczny\LevelGenerator.cpp(116,95): warning C4244: 'argument': conversion from 'double' to 'int', possible loss of data
C:\Users\Krzysztof\source\repos\projektProgramistyczny\LevelGenerator.cpp(116,85): warning C4244: 'argument': conversion from 'double' to 'int', possible loss of data
C:\Users\Krzysztof\source\repos\projektProgramistyczny\LevelGenerator.cpp(116,75): warning C4244: 'argument': conversion from 'double' to 'int', possible loss of data
C:\Users\Krzysztof\source\repos\projektProgramistyczny\LevelGenerator.cpp(116,55): warning C4244: 'argument': conversion from 'double' to 'int', possible loss of data
LINK : warning LNK4098: defaultlib 'LIBCMT' conflicts with use of other libs; use /NODEFAULTLIB:library
  Generating code
  2 of 1078 functions ( 0.2%) were compiled, the rest were copied from previous compilation.
    0 functions were new in current compilation
    10 functions had inline decision re-evaluated but remain unchanged
  Finished generating code
glew32s.lib(glew.obj) : warning LNK4099: PDB '' was not found with 'glew32s.lib(glew.obj)' or at ''; linking object as if no debug info
  OpenGL.vcxproj -> C:\Users\Krzysztof\source\repos\projektProgramistyczny\Release\Arkanoid.exe
